Build started 5/6/2018 3:31:23 PM.
     1>Project "F:\oms 1\OMS\Office MS\Office MS\Office MS.vcxproj" on node 2 (build target(s)).
     1>InitializeBuildStatus:
         Creating "Debug\Office MS.unsuccessfulbuild" because "AlwaysCreate" was specified.
       GenerateTargetFrameworkMonikerAttribute:
       Skipping target "GenerateTargetFrameworkMonikerAttribute" because all output files are up-to-date with respect to the input files.
       ClCompile:
         C:\Program Files (x86)\Microsoft Visual Studio 10.0\VC\bin\CL.exe /c /AI"C:\Program Files (x86)\Reference Assemblies\Microsoft\Framework\.NETFramework\v4.0" /Zi /clr:pure /nologo /W3 /WX- /Od /Oy- /D WIN32 /D _DEBUG /D _UNICODE /D UNICODE /EHa /MDd /GS /fp:precise /Zc:wchar_t /Zc:forScope /Yc"StdAfx.h" /Fp"Debug\Office MS.pch" /Fo"Debug\\" /Fd"Debug\vc100.pdb" /TP /FU"C:\Program Files (x86)\Reference Assemblies\Microsoft\Framework\.NETFramework\v4.0\Microsoft.VisualBasic.dll" /FU"C:\Program Files (x86)\Reference Assemblies\Microsoft\VBPowerPacks\v10.0\Microsoft.VisualBasic.PowerPacks.Vs.dll" /FU"C:\Program Files (x86)\MySQL\MySQL Connector Net 6.9.10\Assemblies\v4.0\MySql.Data.dll" /FU"C:\Program Files (x86)\Reference Assemblies\Microsoft\Framework\.NETFramework\v4.0\System.Core.dll" /FU"C:\Program Files (x86)\Reference Assemblies\Microsoft\Framework\.NETFramework\v4.0\System.Data.dll" /FU"C:\Program Files (x86)\Reference Assemblies\Microsoft\Framework\.NETFramework\v4.0\System.dll" /FU"C:\Program Files (x86)\Reference Assemblies\Microsoft\Framework\.NETFramework\v4.0\System.Drawing.dll" /FU"C:\Program Files (x86)\Reference Assemblies\Microsoft\Framework\.NETFramework\v4.0\System.Windows.Forms.dll" /FU"C:\Program Files (x86)\Reference Assemblies\Microsoft\Framework\.NETFramework\v4.0\System.Xml.dll" /analyze- /errorReport:prompt stdafx.cpp /clr:nostdlib 
         stdafx.cpp
     1>f:\oms 1\oms\office ms\office ms\Staff.h(1084): warning C4101: 'ex' : unreferenced local variable
     1>f:\oms 1\oms\office ms\office ms\Staff.h(1136): warning C4101: 'ex' : unreferenced local variable
     1>f:\oms 1\oms\office ms\office ms\Staff.h(1172): warning C4101: 'ex' : unreferenced local variable
     1>f:\oms 1\oms\office ms\office ms\Staff.h(1231): warning C4101: 'ex' : unreferenced local variable
     1>f:\oms 1\oms\office ms\office ms\Customer.h(857): warning C4101: 'ex' : unreferenced local variable
     1>f:\oms 1\oms\office ms\office ms\Customer.h(904): warning C4101: 'ex' : unreferenced local variable
     1>f:\oms 1\oms\office ms\office ms\Customer.h(940): warning C4101: 'ex' : unreferenced local variable
     1>f:\oms 1\oms\office ms\office ms\Customer.h(990): warning C4101: 'ex' : unreferenced local variable
     1>f:\oms 1\oms\office ms\office ms\InventoryPortal.h(690): warning C4101: 'ex' : unreferenced local variable
     1>f:\oms 1\oms\office ms\office ms\InventoryPortal.h(744): warning C4101: 'ex' : unreferenced local variable
     1>f:\oms 1\oms\office ms\office ms\InventoryPortal.h(794): warning C4101: 'ex' : unreferenced local variable
     1>f:\oms 1\oms\office ms\office ms\InventoryPortal.h(838): warning C4101: 'ex' : unreferenced local variable
     1>f:\oms 1\oms\office ms\office ms\AccountantPortal.h(763): warning C4101: 'ex' : unreferenced local variable
     1>f:\oms 1\oms\office ms\office ms\AccountantPortal.h(830): warning C4101: 'ex' : unreferenced local variable
     1>f:\oms 1\oms\office ms\office ms\AccountantPortal.h(876): warning C4101: 'ex' : unreferenced local variable
     1>f:\oms 1\oms\office ms\office ms\Schedule.h(828): warning C4101: 'ex' : unreferenced local variable
     1>f:\oms 1\oms\office ms\office ms\Schedule.h(928): warning C4101: 'ex' : unreferenced local variable
     1>f:\oms 1\oms\office ms\office ms\Schedule.h(976): warning C4101: 'ex' : unreferenced local variable
     1>f:\oms 1\oms\office ms\office ms\Schedule.h(1012): warning C4101: 'ex' : unreferenced local variable
     1>f:\oms 1\oms\office ms\office ms\Product.h(441): warning C4101: 'ex' : unreferenced local variable
     1>f:\oms 1\oms\office ms\office ms\Bill.h(546): warning C4101: 'ex' : unreferenced local variable
     1>f:\oms 1\oms\office ms\office ms\Bill.h(581): warning C4244: 'initializing' : conversion from 'double' to 'int', possible loss of data
     1>f:\oms 1\oms\office ms\office ms\Bill.h(667): warning C4101: 'ex' : unreferenced local variable
     1>f:\oms 1\oms\office ms\office ms\Bill.h(699): warning C4101: 'ex' : unreferenced local variable
     1>f:\oms 1\oms\office ms\office ms\Bill.h(741): warning C4101: 'ex' : unreferenced local variable
         C:\Program Files (x86)\Microsoft Visual Studio 10.0\VC\bin\CL.exe /c /AI"C:\Program Files (x86)\Reference Assemblies\Microsoft\Framework\.NETFramework\v4.0" /Zi /clr:pure /nologo /W3 /WX- /Od /Oy- /D WIN32 /D _DEBUG /D _UNICODE /D UNICODE /EHa /MDd /GS /fp:precise /Zc:wchar_t /Zc:forScope /Yu"StdAfx.h" /Fp"Debug\Office MS.pch" /Fo"Debug\\" /Fd"Debug\vc100.pdb" /TP /FU"C:\Program Files (x86)\Reference Assemblies\Microsoft\Framework\.NETFramework\v4.0\Microsoft.VisualBasic.dll" /FU"C:\Program Files (x86)\Reference Assemblies\Microsoft\VBPowerPacks\v10.0\Microsoft.VisualBasic.PowerPacks.Vs.dll" /FU"C:\Program Files (x86)\MySQL\MySQL Connector Net 6.9.10\Assemblies\v4.0\MySql.Data.dll" /FU"C:\Program Files (x86)\Reference Assemblies\Microsoft\Framework\.NETFramework\v4.0\System.Core.dll" /FU"C:\Program Files (x86)\Reference Assemblies\Microsoft\Framework\.NETFramework\v4.0\System.Data.dll" /FU"C:\Program Files (x86)\Reference Assemblies\Microsoft\Framework\.NETFramework\v4.0\System.dll" /FU"C:\Program Files (x86)\Reference Assemblies\Microsoft\Framework\.NETFramework\v4.0\System.Drawing.dll" /FU"C:\Program Files (x86)\Reference Assemblies\Microsoft\Framework\.NETFramework\v4.0\System.Windows.Forms.dll" /FU"C:\Program Files (x86)\Reference Assemblies\Microsoft\Framework\.NETFramework\v4.0\System.Xml.dll" /analyze- /errorReport:prompt AdminPortal.cpp AssemblyInfo.cpp Bill.cpp Customer.cpp InventoryPortal.cpp "Office MS.cpp" Product.cpp ReceptionistPortal.cpp Schedule.cpp ScheduleForm.cpp Staff.cpp /clr:nostdlib 
         AdminPortal.cpp
         AssemblyInfo.cpp
         Bill.cpp
         Customer.cpp
         InventoryPortal.cpp
         Office MS.cpp
     1>f:\oms 1\oms\office ms\office ms\Form1.h(288): warning C4101: 'ex' : unreferenced local variable
         Product.cpp
         ReceptionistPortal.cpp
         Schedule.cpp
         ScheduleForm.cpp
         Staff.cpp
         Generating Code...
         All outputs are up-to-date.
       CoreResGen:
         No resources are out of date with respect to their source files. Skipping resource generation.
       ResourceCompile:
         C:\Program Files (x86)\Microsoft SDKs\Windows\v7.0A\bin\rc.exe /D _UNICODE /D UNICODE /l"0x0409" /nologo /fo"Debug\app.res" app.rc 
       Link:
         C:\Program Files (x86)\Microsoft Visual Studio 10.0\VC\bin\link.exe /ERRORREPORT:PROMPT /OUT:"F:\oms 1\OMS\Office MS\Debug\Office MS.exe" /INCREMENTAL /NOLOGO /ASSEMBLYRESOURCE:Debug\OfficeMS.AccountantPortal.resources /ASSEMBLYRESOURCE:Debug\OfficeMS.AdminPortal.resources /ASSEMBLYRESOURCE:Debug\OfficeMS.Bill.resources /ASSEMBLYRESOURCE:Debug\OfficeMS.Customer.resources /ASSEMBLYRESOURCE:Debug\OfficeMS.Form1.resources /ASSEMBLYRESOURCE:Debug\OfficeMS.InventoryPortal.resources /ASSEMBLYRESOURCE:Debug\OfficeMS.Product.resources /ASSEMBLYRESOURCE:Debug\OfficeMS.ReceptionistPortal.resources /ASSEMBLYRESOURCE:Debug\OfficeMS.Schedule.resources /ASSEMBLYRESOURCE:Debug\OfficeMS.ScheduleForm.resources /ASSEMBLYRESOURCE:Debug\OfficeMS.Staff.resources /MANIFEST /ManifestFile:"Debug\Office MS.exe.intermediate.manifest" /MANIFESTUAC:"level='asInvoker' uiAccess='false'" /DEBUG /PDB:"F:\oms 1\OMS\Office MS\Debug\Office MS.pdb" /ASSEMBLYDEBUG /SUBSYSTEM:WINDOWS /TLBID:1 /ENTRY:"main" /DYNAMICBASE /FIXED:NO /NXCOMPAT /MACHINE:X86 Debug\app.res
         Debug\AdminPortal.obj
         Debug\AssemblyInfo.obj
         Debug\Bill.obj
         Debug\Customer.obj
         Debug\InventoryPortal.obj
         "Debug\Office MS.obj"
         Debug\Product.obj
         Debug\ReceptionistPortal.obj
         Debug\Schedule.obj
         Debug\ScheduleForm.obj
         Debug\Staff.obj
         Debug\stdafx.obj
         "Debug\.NETFramework,Version=v4.0.AssemblyAttributes.obj"
         Office MS.vcxproj -> F:\oms 1\OMS\Office MS\Debug\Office MS.exe
       Manifest:
         C:\Program Files (x86)\Microsoft SDKs\Windows\v7.0A\bin\mt.exe /nologo /verbose /outputresource:"F:\oms 1\OMS\Office MS\Debug\Office MS.exe;#1" /manifest "Debug\Office MS.exe.intermediate.manifest"
       FinalizeBuildStatus:
         Deleting file "Debug\Office MS.unsuccessfulbuild".
         Touching "Debug\Office MS.lastbuildstate".
     1>Done Building Project "F:\oms 1\OMS\Office MS\Office MS\Office MS.vcxproj" (build target(s)).

Build succeeded.

Time Elapsed 00:00:06.22
